<?xml version="1.0" encoding="UTF-8"?>
<!-- Generated by org.testng.reporters.JUnitXMLReporter -->
<testsuite ignored="2" hostname="DESKTOP-6LID9I8" failures="0" tests="2" name="Test1" time="0.06" errors="0" timestamp="27 Oct 2020 00:51:55 GMT">
  <testcase classname="demo.TestNGGroupsDemo" name="test1" time="0.018"/>
  <testcase classname="demo.TestNGGroupsDemo" name="test2" time="0.001"/>
  <testcase classname="demo.TestNGGroupsDemo" name="test3" time="0.0">
    <ignored/>
  </testcase> <!-- test3 -->
  <testcase classname="demo.TestNGGroupsDemo" name="test4" time="0.0">
    <ignored/>
  </testcase> <!-- test4 -->
</testsuite> <!-- Test1 -->
